0 info it worked if it ends with ok
1 verbose cli [ '/usr/local/bin/node',
1 verbose cli   '/usr/bin/npm',
1 verbose cli   'run',
1 verbose cli   'json-server',
1 verbose cli   'remote' ]
2 info using npm@3.10.10
3 info using node@v8.7.0
4 verbose stack Error: missing script: json-server
4 verbose stack     at run (/usr/lib/node_modules/npm/lib/run-script.js:151:19)
4 verbose stack     at /usr/lib/node_modules/npm/lib/run-script.js:61:5
4 verbose stack     at /usr/lib/node_modules/npm/node_modules.bundled/read-package-json/read-json.js:356:5
4 verbose stack     at checkBinReferences_ (/usr/lib/node_modules/npm/node_modules.bundled/read-package-json/read-json.js:320:45)
4 verbose stack     at final (/usr/lib/node_modules/npm/node_modules.bundled/read-package-json/read-json.js:354:3)
4 verbose stack     at then (/usr/lib/node_modules/npm/node_modules.bundled/read-package-json/read-json.js:124:5)
4 verbose stack     at /usr/lib/node_modules/npm/node_modules.bundled/read-package-json/read-json.js:243:12
4 verbose stack     at /usr/lib/node_modules/npm/node_modules.bundled/graceful-fs/graceful-fs.js:78:16
4 verbose stack     at tryToString (fs.js:514:3)
4 verbose stack     at FSReqWrap.readFileAfterClose [as oncomplete] (fs.js:502:12)
5 verbose cwd /home/anton/Desktop/www/json-server
6 error Linux 4.12.10-1.el7.elrepo.x86_64
7 error argv "/usr/local/bin/node" "/usr/bin/npm" "run" "json-server" "remote"
8 error node v8.7.0
9 error npm  v3.10.10
10 error missing script: json-server
11 error If you need help, you may report this error at:
11 error     <https://github.com/npm/npm/issues>
12 verbose exit [ 1, true ]
